<?xml version="1.0" encoding="utf-8"?><testsuites><testsuite name="pytest" errors="0" failures="0" skipped="0" tests="2" time="0.069" timestamp="2024-09-09T16:06:03.462528" hostname="DESKTOP-HP3M6LC"><testcase classname="tests.views.test_aboutView" name="test_init" file="tests\views\test_aboutView.py" line="21" time="0.031"><system-out>--------------------------------- Captured Log ---------------------------------

--------------------------------- Captured Out ---------------------------------

</system-out><system-err>--------------------------------- Captured Err ---------------------------------

</system-err></testcase><testcase classname="tests.views.test_aboutView" name="test_signals" file="tests\views\test_aboutView.py" line="40" time="0.004"><system-out>--------------------------------- Captured Log ---------------------------------

--------------------------------- Captured Out ---------------------------------

</system-out><system-err>--------------------------------- Captured Err ---------------------------------

</system-err></testcase></testsuite></testsuites>